Using pre-set license
Built from '2023.2/staging' branch; Version is '2023.2.14f1 (eeca29774eb5) revision 15649321'; Using compiler version '193431935'; Build Type 'Release'
OS: 'Windows 11  (10.0.22621) 64bit Core' Language: 'tr' Physical Memory: 16230 MB
BatchMode: 1, IsHumanControllingUs: 0, StartBugReporterOnCrash: 0, Is64bit: 1, IsPro: 1

COMMAND LINE ARGUMENTS:
D:\Program Files\Unity Editor\2023.2.14f1\Editor\Unity.exe
-adb2
-batchMode
-noUpm
-name
AssetImportWorker0
-projectPath
D:/Son Umut
-logFile
Logs/AssetImportWorker0.log
-srvPort
56540
-job-worker-count
5
-background-job-worker-count
8
-asset-garbage-collectors
1
Successfully changed project path to: D:/Son Umut
D:/Son Umut
[UnityMemory] Configuration Parameters - Can be set up in boot.config
    "memorysetup-bucket-allocator-granularity=16"
    "memorysetup-bucket-allocator-bucket-count=8"
    "memorysetup-bucket-allocator-block-size=33554432"
    "memorysetup-bucket-allocator-block-count=8"
    "memorysetup-main-allocator-block-size=16777216"
    "memorysetup-thread-allocator-block-size=16777216"
    "memorysetup-gfx-main-allocator-block-size=16777216"
    "memorysetup-gfx-thread-allocator-block-size=16777216"
    "memorysetup-cache-allocator-block-size=4194304"
    "memorysetup-typetree-allocator-block-size=2097152"
    "memorysetup-profiler-bucket-allocator-granularity=16"
    "memorysetup-profiler-bucket-allocator-bucket-count=8"
    "memorysetup-profiler-bucket-allocator-block-size=33554432"
    "memorysetup-profiler-bucket-allocator-block-count=8"
    "memorysetup-profiler-allocator-block-size=16777216"
    "memorysetup-profiler-editor-allocator-block-size=1048576"
    "memorysetup-temp-allocator-size-main=16777216"
    "memorysetup-job-temp-allocator-block-size=2097152"
    "memorysetup-job-temp-allocator-block-size-background=1048576"
    "memorysetup-job-temp-allocator-reduction-small-platforms=262144"
    "memorysetup-allocator-temp-initial-block-size-main=262144"
    "memorysetup-allocator-temp-initial-block-size-worker=262144"
    "memorysetup-temp-allocator-size-background-worker=32768"
    "memorysetup-temp-allocator-size-job-worker=262144"
    "memorysetup-temp-allocator-size-preload-manager=33554432"
    "memorysetup-temp-allocator-size-nav-mesh-worker=65536"
    "memorysetup-temp-allocator-size-audio-worker=65536"
    "memorysetup-temp-allocator-size-cloud-worker=32768"
    "memorysetup-temp-allocator-size-gi-baking-worker=262144"
    "memorysetup-temp-allocator-size-gi-baking-worker=262144"
    "memorysetup-temp-allocator-size-gi-baking-worker=262144"
    "memorysetup-temp-allocator-size-gi-baking-worker=262144"
    "memorysetup-temp-allocator-size-gfx=262144"
Player connection [29240] Host "[IP] 10.0.0.64 [Port] 0 [Flags] 2 [Guid] 1751292247 [EditorId] 1751292247 [Version] 1048832 [Id] WindowsEditor(7,MSI) [Debug] 1 [PackageName] WindowsEditor [ProjectName] Editor" joined multi-casting on [225.0.0.222:54997]...
Player connection [29240] Host "[IP] 10.0.0.64 [Port] 0 [Flags] 2 [Guid] 1751292247 [EditorId] 1751292247 [Version] 1048832 [Id] WindowsEditor(7,MSI) [Debug] 1 [PackageName] WindowsEditor [ProjectName] Editor" joined alternative multi-casting on [225.0.0.222:34997]...
JobSystem: Creating JobQueue using job-worker-count value 5
[Physics::Module] Initialized MultithreadedJobDispatcher with 5 workers.
Library Redirect Path: Library/
Refreshing native plugins compatible for Editor in 2.85 ms, found 3 plugins.
Preloading 0 native plugins for Editor in 0.00 ms.
Initialize engine version: 2023.2.14f1 (eeca29774eb5)
[Subsystems] Discovering subsystems at path D:/Program Files/Unity Editor/2023.2.14f1/Editor/Data/Resources/UnitySubsystems
[Subsystems] Discovering subsystems at path D:/Son Umut/Assets
GfxDevice: creating device client; kGfxThreadingModeNonThreaded
Direct3D:
    Version:  Direct3D 11.0 [level 11.1]
    Renderer: NVIDIA GeForce GTX 1070 with Max-Q Design (ID=0x1ba1)
    Vendor:   NVIDIA
    VRAM:     8060 MB
    Driver:   31.0.15.5123
Initialize mono
Mono path[0] = 'D:/Program Files/Unity Editor/2023.2.14f1/Editor/Data/Managed'
Mono path[1] = 'D:/Program Files/Unity Editor/2023.2.14f1/Editor/Data/MonoBleedingEdge/lib/mono/unityjit-win32'
Mono config path = 'D:/Program Files/Unity Editor/2023.2.14f1/Editor/Data/MonoBleedingEdge/etc'
Using monoOptions --debugger-agent=transport=dt_socket,embedding=1,server=y,suspend=n,address=127.0.0.1:56220
Begin MonoManager ReloadAssembly
C:\build\output\Unity-Technologies\mono\mono\metadata\icall.c:1842:
C:\build\output\Unity-Technologies\mono\mono\metadata\icall.c:1842:
C:\build\output\Unity-Technologies\mono\mono\metadata\icall.c:1842:
C:\build\output\Unity-Technologies\mono\mono\metadata\icall.c:1842:
C:\build\output\Unity-Technologies\mono\mono\metadata\icall.c:1842:
C:\build\output\Unity-Technologies\mono\mono\metadata\icall.c:1842:
C:\build\output\Unity-Technologies\mono\mono\metadata\icall.c:1842:
C:\build\output\Unity-Technologies\mono\mono\metadata\icall.c:1842:
C:\build\output\Unity-Technologies\mono\mono\metadata\icall.c:1842:
C:\build\output\Unity-Technologies\mono\mono\metadata\icall.c:1842:
Registering precompiled unity dll's ...
Register platform support module: D:/Program Files/Unity Editor/2023.2.14f1/Editor/Data/PlaybackEngines/WindowsStandaloneSupport/UnityEditor.WindowsStandalone.Extensions.dll
Register platform support module: D:/Program Files/Unity Editor/2023.2.14f1/Editor/Data/PlaybackEngines/AndroidPlayer/UnityEditor.Android.Extensions.dll
Register platform support module: D:/Program Files/Unity Editor/2023.2.14f1/Editor/Data/PlaybackEngines/LinuxStandaloneSupport/UnityEditor.LinuxStandalone.Extensions.dll
Registered in 0.007083 seconds.
- Loaded All Assemblies, in  0.795 seconds
Native extension for LinuxStandalone target not found
Native extension for Android target not found
Android Extension - Scanning For ADB Devices 476 ms
Native extension for WindowsStandalone target not found
Mono: successfully reloaded assembly
C:\build\output\Unity-Technologies\mono\mono\metadata\icall.c:1842:
C:\build\output\Unity-Technologies\mono\mono\metadata\icall.c:1842:
- Finished resetting the current domain, in  1.139 seconds
Domain Reload Profiling: 1934ms
	BeginReloadAssembly (276ms)
		ExecutionOrderSort (0ms)
		DisableScriptedObjects (0ms)
		BackupInstance (0ms)
		ReleaseScriptingObjects (0ms)
		CreateAndSetChildDomain (2ms)
	RebuildCommonClasses (76ms)
	RebuildNativeTypeToScriptingClass (30ms)
	initialDomainReloadingComplete (86ms)
	LoadAllAssembliesAndSetupDomain (327ms)
		LoadAssemblies (276ms)
		RebuildTransferFunctionScriptingTraits (0ms)
		AnalyzeDomain (321ms)
			TypeCache.Refresh (318ms)
				TypeCache.ScanAssembly (293ms)
			BuildScriptInfoCaches (0ms)
			ResolveRequiredComponents (1ms)
	FinalizeReload (1140ms)
		ReleaseScriptCaches (0ms)
		RebuildScriptCaches (0ms)
		SetupLoadedEditorAssemblies (1063ms)
			LogAssemblyErrors (0ms)
			InitializePlatformSupportModulesInManaged (667ms)
			SetLoadedEditorAssemblies (6ms)
			BeforeProcessingInitializeOnLoad (8ms)
			ProcessInitializeOnLoadAttributes (291ms)
			ProcessInitializeOnLoadMethodAttributes (91ms)
			AfterProcessingInitializeOnLoad (0ms)
			EditorAssembliesLoaded (0ms)
		ExecutionOrderSort2 (0ms)
		AwakeInstancesAfterBackupRestoration (0ms)
========================================================================
Worker process is ready to serve import requests
Import Worker Mode flag is 0x00
Begin MonoManager ReloadAssembly
C:\build\output\Unity-Technologies\mono\mono\metadata\icall.c:1842:
C:\build\output\Unity-Technologies\mono\mono\metadata\icall.c:1842:
C:\build\output\Unity-Technologies\mono\mono\metadata\icall.c:1842:
C:\build\output\Unity-Technologies\mono\mono\metadata\icall.c:1842:
C:\build\output\Unity-Technologies\mono\mono\metadata\icall.c:1842:
C:\build\output\Unity-Technologies\mono\mono\metadata\icall.c:1842:
C:\build\output\Unity-Technologies\mono\mono\metadata\icall.c:1842:
C:\build\output\Unity-Technologies\mono\mono\metadata\icall.c:1842:
C:\build\output\Unity-Technologies\mono\mono\metadata\icall.c:1842:
C:\build\output\Unity-Technologies\mono\mono\metadata\icall.c:1842:
C:\build\output\Unity-Technologies\mono\mono\metadata\icall.c:1842:
C:\build\output\Unity-Technologies\mono\mono\metadata\icall.c:1842:
Symbol file LoadedFromMemory doesn't match image D:\Son Umut\Library\PackageCache\com.unity.visualscripting@1.8.0\Editor\VisualScripting.Core\Dependencies\YamlDotNet\Unity.VisualScripting.YamlDotNet.dll
Symbol file LoadedFromMemory doesn't match image D:\Son Umut\Library\PackageCache\com.unity.visualscripting@1.8.0\Editor\VisualScripting.Core\Dependencies\DotNetZip\Unity.VisualScripting.IonicZip.dll
- Loaded All Assemblies, in  1.897 seconds
Refreshing native plugins compatible for Editor in 2.01 ms, found 3 plugins.
Native extension for LinuxStandalone target not found
Native extension for Android target not found
Native extension for WindowsStandalone target not found
Mono: successfully reloaded assembly
- Finished resetting the current domain, in  1.865 seconds
Domain Reload Profiling: 3761ms
	BeginReloadAssembly (606ms)
		ExecutionOrderSort (0ms)
		DisableScriptedObjects (13ms)
		BackupInstance (0ms)
		ReleaseScriptingObjects (0ms)
		CreateAndSetChildDomain (47ms)
	RebuildCommonClasses (62ms)
	RebuildNativeTypeToScriptingClass (23ms)
	initialDomainReloadingComplete (68ms)
	LoadAllAssembliesAndSetupDomain (1136ms)
		LoadAssemblies (744ms)
		RebuildTransferFunctionScriptingTraits (0ms)
		AnalyzeDomain (606ms)
			TypeCache.Refresh (513ms)
				TypeCache.ScanAssembly (474ms)
			BuildScriptInfoCaches (69ms)
			ResolveRequiredComponents (20ms)
	FinalizeReload (1866ms)
		ReleaseScriptCaches (0ms)
		RebuildScriptCaches (0ms)
		SetupLoadedEditorAssemblies (1311ms)
			LogAssemblyErrors (0ms)
			InitializePlatformSupportModulesInManaged (31ms)
			SetLoadedEditorAssemblies (9ms)
			BeforeProcessingInitializeOnLoad (110ms)
			ProcessInitializeOnLoadAttributes (1063ms)
			ProcessInitializeOnLoadMethodAttributes (94ms)
			AfterProcessingInitializeOnLoad (4ms)
			EditorAssembliesLoaded (0ms)
		ExecutionOrderSort2 (0ms)
		AwakeInstancesAfterBackupRestoration (27ms)
Launched and connected shader compiler UnityShaderCompiler.exe after 0.03 seconds
Refreshing native plugins compatible for Editor in 1.43 ms, found 3 plugins.
Preloading 0 native plugins for Editor in 0.00 ms.
Unloading 179 Unused Serialized files (Serialized files now loaded: 0)
Unloading 5947 unused Assets / (5.9 MB). Loaded Objects now: 6649.
Memory consumption went from 196.0 MB to 190.2 MB.
Total: 20.407600 ms (FindLiveObjects: 1.086400 ms CreateObjectMapping: 1.606400 ms MarkObjects: 12.304100 ms  DeleteObjects: 5.408700 ms)

========================================================================
Received Import Request.
  Time since last request: 30825.267531 seconds.
  path: Assets/TextMesh Pro/Resources/Fonts & Materials/LiberationSans SDF - Fallback.asset
  artifactKey: Guid(2e498d1c8094910479dc3e1b768306a4) Importer(815301076,1909f56bfc062723c751e8b465ee728b)
Start importing Assets/TextMesh Pro/Resources/Fonts & Materials/LiberationSans SDF - Fallback.asset using Guid(2e498d1c8094910479dc3e1b768306a4) Importer(815301076,1909f56bfc062723c751e8b465ee728b) (PreviewImporter) -> (artifact id: '331595f830f849f1d92d32b5dcfd4461') in 0.6934506 seconds
Number of updated asset objects reloaded before import = 0Number of asset objects unloaded after import = 16

========================================================================
Received Import Request.
  Time since last request: 18.025819 seconds.
  path: Assets/DefaultVolumeProfile.asset
  artifactKey: Guid(326aa930b4f2b1f4cafd4c723c883068) Importer(815301076,1909f56bfc062723c751e8b465ee728b)
Start importing Assets/DefaultVolumeProfile.asset using Guid(326aa930b4f2b1f4cafd4c723c883068) Importer(815301076,1909f56bfc062723c751e8b465ee728b) (PreviewImporter) -> (artifact id: '4f0bf0982574579bf2e1319d12f66a9e') in 0.0066465 seconds
Number of updated asset objects reloaded before import = 0Number of asset objects unloaded after import = 20

========================================================================
Received Import Request.
  Time since last request: 1.620575 seconds.
  path: Assets/GameJam Ses
  artifactKey: Guid(8f16072c92254cb45aacc8f07effa615) Importer(815301076,1909f56bfc062723c751e8b465ee728b)
Start importing Assets/GameJam Ses using Guid(8f16072c92254cb45aacc8f07effa615) Importer(815301076,1909f56bfc062723c751e8b465ee728b) (PreviewImporter) -> (artifact id: '49a6ca885c212d9b5645f96a27dd319b') in 0.0006421 seconds
Number of updated asset objects reloaded before import = 0Number of asset objects unloaded after import = 0

========================================================================
Received Import Request.
  Time since last request: 0.023045 seconds.
  path: Assets/GameJam Ses/Ayak_sesi_ard_arda.mp3
  artifactKey: Guid(b9fb750e2a4d7504a84af83301d7b3f3) Importer(815301076,1909f56bfc062723c751e8b465ee728b)
Start importing Assets/GameJam Ses/Ayak_sesi_ard_arda.mp3 using Guid(b9fb750e2a4d7504a84af83301d7b3f3) Importer(815301076,1909f56bfc062723c751e8b465ee728b) (PreviewImporter) -> (artifact id: '02ed43e903b3e95c701e1b9b8888aa55') in 0.0555971 seconds
Number of updated asset objects reloaded before import = 0Number of asset objects unloaded after import = 2

========================================================================
Received Import Request.
  Time since last request: 0.000033 seconds.
  path: Assets/GameJam Ses/Marstan_gorev_esyasi_toplama_sesi.wav
  artifactKey: Guid(27585e209bcab58488a623c9fb249f75) Importer(815301076,1909f56bfc062723c751e8b465ee728b)
Start importing Assets/GameJam Ses/Marstan_gorev_esyasi_toplama_sesi.wav using Guid(27585e209bcab58488a623c9fb249f75) Importer(815301076,1909f56bfc062723c751e8b465ee728b) (PreviewImporter) -> (artifact id: 'ced5ac91a2e08372399a16cd3154d6d0') in 0.0133534 seconds
Number of updated asset objects reloaded before import = 0Number of asset objects unloaded after import = 2

========================================================================
Received Import Request.
  Time since last request: 18.285409 seconds.
  path: Assets/Textures/takım.jpg
  artifactKey: Guid(d2bde2a232037c84084a60513cd0a2e1) Importer(815301076,1909f56bfc062723c751e8b465ee728b)
Start importing Assets/Textures/takım.jpg using Guid(d2bde2a232037c84084a60513cd0a2e1) Importer(815301076,1909f56bfc062723c751e8b465ee728b) (PreviewImporter) -> (artifact id: '43a589025853c1b4de222c221f3929e2') in 0.0202394 seconds
Number of updated asset objects reloaded before import = 0Number of asset objects unloaded after import = 2

========================================================================
Received Import Request.
  Time since last request: 2.191616 seconds.
  path: Assets/Textures/çark.jpg
  artifactKey: Guid(540444ca51c72ae40a095d7e1ddaad99) Importer(815301076,1909f56bfc062723c751e8b465ee728b)
Start importing Assets/Textures/çark.jpg using Guid(540444ca51c72ae40a095d7e1ddaad99) Importer(815301076,1909f56bfc062723c751e8b465ee728b) (PreviewImporter) -> (artifact id: '13c2f4f9bcf3741124c299b4a9f3e9b2') in 0.0410566 seconds
Number of updated asset objects reloaded before import = 0Number of asset objects unloaded after import = 3

========================================================================
Received Import Request.
  Time since last request: 13.764700 seconds.
  path: Assets/Rus/textures/scientist_body_albedo_blue.png
  artifactKey: Guid(8106501a08b090b429bd7b26828563de) Importer(815301076,1909f56bfc062723c751e8b465ee728b)
Start importing Assets/Rus/textures/scientist_body_albedo_blue.png using Guid(8106501a08b090b429bd7b26828563de) Importer(815301076,1909f56bfc062723c751e8b465ee728b) (PreviewImporter) -> (artifact id: '881bb55cf2179130886812afb9e4652a') in 0.0177053 seconds
Number of updated asset objects reloaded before import = 0Number of asset objects unloaded after import = 2

========================================================================
Received Import Request.
  Time since last request: 0.000119 seconds.
  path: Assets/Rus/textures/scientisthelmet_albedo.png
  artifactKey: Guid(aa02e6241461d8f4a8715e7d38e1c9c5) Importer(815301076,1909f56bfc062723c751e8b465ee728b)
Start importing Assets/Rus/textures/scientisthelmet_albedo.png using Guid(aa02e6241461d8f4a8715e7d38e1c9c5) Importer(815301076,1909f56bfc062723c751e8b465ee728b) (PreviewImporter) -> (artifact id: '83f322b6777a5cc5e9d99d1bd2ed5d8c') in 0.0148293 seconds
Number of updated asset objects reloaded before import = 0Number of asset objects unloaded after import = 2

========================================================================
Received Import Request.
  Time since last request: 0.240903 seconds.
  path: Assets/Free Assets/shuttle_asset/textures/Shuttle_Rest_Nor.jpg
  artifactKey: Guid(75542e9f0eecbe34cbacbb0b2e02dd20) Importer(815301076,1909f56bfc062723c751e8b465ee728b)
Start importing Assets/Free Assets/shuttle_asset/textures/Shuttle_Rest_Nor.jpg using Guid(75542e9f0eecbe34cbacbb0b2e02dd20) Importer(815301076,1909f56bfc062723c751e8b465ee728b) (PreviewImporter) -> (artifact id: '421e480d0d497e7e2da55f9a8238bd60') in 0.0325111 seconds
Number of updated asset objects reloaded before import = 0Number of asset objects unloaded after import = 2

========================================================================
Received Import Request.
  Time since last request: 0.000038 seconds.
  path: Assets/Free Assets/shuttle_asset/textures/Shuttle_Wire_Col.jpg
  artifactKey: Guid(0286ab2486765e6498e151c9212702e7) Importer(815301076,1909f56bfc062723c751e8b465ee728b)
Start importing Assets/Free Assets/shuttle_asset/textures/Shuttle_Wire_Col.jpg using Guid(0286ab2486765e6498e151c9212702e7) Importer(815301076,1909f56bfc062723c751e8b465ee728b) (PreviewImporter) -> (artifact id: '1af10f58ab98a54995d0e62be76d4324') in 0.0237837 seconds
Number of updated asset objects reloaded before import = 0Number of asset objects unloaded after import = 2

========================================================================
Received Import Request.
  Time since last request: 0.000051 seconds.
  path: Assets/Free Assets/shuttle_asset/textures/Shuttle_Site_Nor.jpg
  artifactKey: Guid(3c2821e30727ac241a64909bfd4e113d) Importer(815301076,1909f56bfc062723c751e8b465ee728b)
Start importing Assets/Free Assets/shuttle_asset/textures/Shuttle_Site_Nor.jpg using Guid(3c2821e30727ac241a64909bfd4e113d) Importer(815301076,1909f56bfc062723c751e8b465ee728b) (PreviewImporter) -> (artifact id: '09e635b9b93845ddb5527609fe4b5f04') in 0.0240148 seconds
Number of updated asset objects reloaded before import = 0Number of asset objects unloaded after import = 2

========================================================================
Received Import Request.
  Time since last request: 0.156087 seconds.
  path: Assets/TerrainData/TerrainData_f280630e-5fbc-4cc1-8f69-77b947f81577.asset
  artifactKey: Guid(79e7092f0c1a7174c8e621556f8ee2b6) Importer(815301076,1909f56bfc062723c751e8b465ee728b)
Start importing Assets/TerrainData/TerrainData_f280630e-5fbc-4cc1-8f69-77b947f81577.asset using Guid(79e7092f0c1a7174c8e621556f8ee2b6) Importer(815301076,1909f56bfc062723c751e8b465ee728b) (PreviewImporter) -> (artifact id: 'a8c3de30174ee6bcbecb66ff39a189ac') in 0.0427585 seconds
Number of updated asset objects reloaded before import = 0Number of asset objects unloaded after import = 4

========================================================================
Received Import Request.
  Time since last request: 0.000040 seconds.
  path: Assets/TerrainData/New Terrain.asset
  artifactKey: Guid(2f606a476b53cac47b9aa32fae7fcc37) Importer(815301076,1909f56bfc062723c751e8b465ee728b)
Start importing Assets/TerrainData/New Terrain.asset using Guid(2f606a476b53cac47b9aa32fae7fcc37) Importer(815301076,1909f56bfc062723c751e8b465ee728b) (PreviewImporter) -> (artifact id: 'e8c077125b24600126c86ba389df7f26') in 0.0338159 seconds
Number of updated asset objects reloaded before import = 0Number of asset objects unloaded after import = 3

========================================================================
Received Import Request.
  Time since last request: 0.000038 seconds.
  path: Assets/TerrainData/TerrainData_15662274-466b-4973-9b75-9c559070faba.asset
  artifactKey: Guid(9195d41d8513f0245bbe3b387a7d993d) Importer(815301076,1909f56bfc062723c751e8b465ee728b)
Start importing Assets/TerrainData/TerrainData_15662274-466b-4973-9b75-9c559070faba.asset using Guid(9195d41d8513f0245bbe3b387a7d993d) Importer(815301076,1909f56bfc062723c751e8b465ee728b) (PreviewImporter) -> (artifact id: '3559bab48ad7300e6ac88a00d323de10') in 0.0200755 seconds
Number of updated asset objects reloaded before import = 0Number of asset objects unloaded after import = 3

========================================================================
Received Import Request.
  Time since last request: 0.000041 seconds.
  path: Assets/TerrainData/TerrainData_5a866b55-bb0d-4909-b7ba-f924d4708dcf.asset
  artifactKey: Guid(52f622e5c24d2ce439aa0a334b070b5e) Importer(815301076,1909f56bfc062723c751e8b465ee728b)
Start importing Assets/TerrainData/TerrainData_5a866b55-bb0d-4909-b7ba-f924d4708dcf.asset using Guid(52f622e5c24d2ce439aa0a334b070b5e) Importer(815301076,1909f56bfc062723c751e8b465ee728b) (PreviewImporter) -> (artifact id: 'd606c25c3a94a20f5859d45017725da5') in 0.0159583 seconds
Number of updated asset objects reloaded before import = 0Number of asset objects unloaded after import = 3

========================================================================
Received Import Request.
  Time since last request: 0.105227 seconds.
  path: Assets/TerrainData/TerrainData_fbb74a16-57f1-462c-a78b-0bbd4afe6dc6.asset
  artifactKey: Guid(28556acfe0d67874e9d02b98eb0cf372) Importer(815301076,1909f56bfc062723c751e8b465ee728b)
Start importing Assets/TerrainData/TerrainData_fbb74a16-57f1-462c-a78b-0bbd4afe6dc6.asset using Guid(28556acfe0d67874e9d02b98eb0cf372) Importer(815301076,1909f56bfc062723c751e8b465ee728b) (PreviewImporter) -> (artifact id: '4fc1866df10534f7c72223b72aff93ac') in 0.017541 seconds
Number of updated asset objects reloaded before import = 0Number of asset objects unloaded after import = 3

Editor requested this worker to shutdown with reason: Scaling down because of idle timeout
AssetImportWorker is now disconnected from the server
Process exiting
Exiting without the bug reporter. Application will terminate with return code 0