Using pre-set license
Built from '2023.2/staging' branch; Version is '2023.2.14f1 (eeca29774eb5) revision 15649321'; Using compiler version '193431935'; Build Type 'Release'
OS: 'Windows 11  (10.0.22621) 64bit Core' Language: 'tr' Physical Memory: 16230 MB
BatchMode: 1, IsHumanControllingUs: 0, StartBugReporterOnCrash: 0, Is64bit: 1, IsPro: 1

COMMAND LINE ARGUMENTS:
D:\Program Files\Unity Editor\2023.2.14f1\Editor\Unity.exe
-adb2
-batchMode
-noUpm
-name
AssetImportWorker3
-projectPath
D:/Son Umut
-logFile
Logs/AssetImportWorker3.log
-srvPort
54960
-job-worker-count
5
-background-job-worker-count
8
-asset-garbage-collectors
1
Successfully changed project path to: D:/Son Umut
D:/Son Umut
[UnityMemory] Configuration Parameters - Can be set up in boot.config
    "memorysetup-bucket-allocator-granularity=16"
    "memorysetup-bucket-allocator-bucket-count=8"
    "memorysetup-bucket-allocator-block-size=33554432"
    "memorysetup-bucket-allocator-block-count=8"
    "memorysetup-main-allocator-block-size=16777216"
    "memorysetup-thread-allocator-block-size=16777216"
    "memorysetup-gfx-main-allocator-block-size=16777216"
    "memorysetup-gfx-thread-allocator-block-size=16777216"
    "memorysetup-cache-allocator-block-size=4194304"
    "memorysetup-typetree-allocator-block-size=2097152"
    "memorysetup-profiler-bucket-allocator-granularity=16"
    "memorysetup-profiler-bucket-allocator-bucket-count=8"
    "memorysetup-profiler-bucket-allocator-block-size=33554432"
    "memorysetup-profiler-bucket-allocator-block-count=8"
    "memorysetup-profiler-allocator-block-size=16777216"
    "memorysetup-profiler-editor-allocator-block-size=1048576"
    "memorysetup-temp-allocator-size-main=16777216"
    "memorysetup-job-temp-allocator-block-size=2097152"
    "memorysetup-job-temp-allocator-block-size-background=1048576"
    "memorysetup-job-temp-allocator-reduction-small-platforms=262144"
    "memorysetup-allocator-temp-initial-block-size-main=262144"
    "memorysetup-allocator-temp-initial-block-size-worker=262144"
    "memorysetup-temp-allocator-size-background-worker=32768"
    "memorysetup-temp-allocator-size-job-worker=262144"
    "memorysetup-temp-allocator-size-preload-manager=33554432"
    "memorysetup-temp-allocator-size-nav-mesh-worker=65536"
    "memorysetup-temp-allocator-size-audio-worker=65536"
    "memorysetup-temp-allocator-size-cloud-worker=32768"
    "memorysetup-temp-allocator-size-gi-baking-worker=262144"
    "memorysetup-temp-allocator-size-gi-baking-worker=262144"
    "memorysetup-temp-allocator-size-gi-baking-worker=262144"
    "memorysetup-temp-allocator-size-gi-baking-worker=262144"
    "memorysetup-temp-allocator-size-gfx=262144"
Player connection [29412] Host "[IP] 10.0.0.64 [Port] 0 [Flags] 2 [Guid] 3472507094 [EditorId] 3472507094 [Version] 1048832 [Id] WindowsEditor(7,MSI) [Debug] 1 [PackageName] WindowsEditor [ProjectName] Editor" joined multi-casting on [225.0.0.222:54997]...
Player connection [29412] Host "[IP] 10.0.0.64 [Port] 0 [Flags] 2 [Guid] 3472507094 [EditorId] 3472507094 [Version] 1048832 [Id] WindowsEditor(7,MSI) [Debug] 1 [PackageName] WindowsEditor [ProjectName] Editor" joined alternative multi-casting on [225.0.0.222:34997]...
JobSystem: Creating JobQueue using job-worker-count value 5
[Physics::Module] Initialized MultithreadedJobDispatcher with 5 workers.
Library Redirect Path: Library/
Refreshing native plugins compatible for Editor in 5.38 ms, found 3 plugins.
Preloading 0 native plugins for Editor in 0.00 ms.
Initialize engine version: 2023.2.14f1 (eeca29774eb5)
[Subsystems] Discovering subsystems at path D:/Program Files/Unity Editor/2023.2.14f1/Editor/Data/Resources/UnitySubsystems
[Subsystems] Discovering subsystems at path D:/Son Umut/Assets
GfxDevice: creating device client; kGfxThreadingModeNonThreaded
Direct3D:
    Version:  Direct3D 11.0 [level 11.1]
    Renderer: NVIDIA GeForce GTX 1070 with Max-Q Design (ID=0x1ba1)
    Vendor:   NVIDIA
    VRAM:     8060 MB
    Driver:   31.0.15.5123
Initialize mono
Mono path[0] = 'D:/Program Files/Unity Editor/2023.2.14f1/Editor/Data/Managed'
Mono path[1] = 'D:/Program Files/Unity Editor/2023.2.14f1/Editor/Data/MonoBleedingEdge/lib/mono/unityjit-win32'
Mono config path = 'D:/Program Files/Unity Editor/2023.2.14f1/Editor/Data/MonoBleedingEdge/etc'
Using monoOptions --debugger-agent=transport=dt_socket,embedding=1,server=y,suspend=n,address=127.0.0.1:56760
Begin MonoManager ReloadAssembly
C:\build\output\Unity-Technologies\mono\mono\metadata\icall.c:1842:
C:\build\output\Unity-Technologies\mono\mono\metadata\icall.c:1842:
C:\build\output\Unity-Technologies\mono\mono\metadata\icall.c:1842:
C:\build\output\Unity-Technologies\mono\mono\metadata\icall.c:1842:
C:\build\output\Unity-Technologies\mono\mono\metadata\icall.c:1842:
C:\build\output\Unity-Technologies\mono\mono\metadata\icall.c:1842:
C:\build\output\Unity-Technologies\mono\mono\metadata\icall.c:1842:
C:\build\output\Unity-Technologies\mono\mono\metadata\icall.c:1842:
C:\build\output\Unity-Technologies\mono\mono\metadata\icall.c:1842:
C:\build\output\Unity-Technologies\mono\mono\metadata\icall.c:1842:
Registering precompiled unity dll's ...
Register platform support module: D:/Program Files/Unity Editor/2023.2.14f1/Editor/Data/PlaybackEngines/WindowsStandaloneSupport/UnityEditor.WindowsStandalone.Extensions.dll
Register platform support module: D:/Program Files/Unity Editor/2023.2.14f1/Editor/Data/PlaybackEngines/AndroidPlayer/UnityEditor.Android.Extensions.dll
Register platform support module: D:/Program Files/Unity Editor/2023.2.14f1/Editor/Data/PlaybackEngines/LinuxStandaloneSupport/UnityEditor.LinuxStandalone.Extensions.dll
Registered in 0.016999 seconds.
- Loaded All Assemblies, in  1.218 seconds
Native extension for LinuxStandalone target not found
Native extension for Android target not found
Android Extension - Scanning For ADB Devices 727 ms
Native extension for WindowsStandalone target not found
Mono: successfully reloaded assembly
C:\build\output\Unity-Technologies\mono\mono\metadata\icall.c:1842:
C:\build\output\Unity-Technologies\mono\mono\metadata\icall.c:1842:
- Finished resetting the current domain, in  1.842 seconds
Domain Reload Profiling: 3059ms
	BeginReloadAssembly (406ms)
		ExecutionOrderSort (0ms)
		DisableScriptedObjects (0ms)
		BackupInstance (0ms)
		ReleaseScriptingObjects (0ms)
		CreateAndSetChildDomain (2ms)
	RebuildCommonClasses (111ms)
	RebuildNativeTypeToScriptingClass (39ms)
	initialDomainReloadingComplete (140ms)
	LoadAllAssembliesAndSetupDomain (520ms)
		LoadAssemblies (408ms)
		RebuildTransferFunctionScriptingTraits (0ms)
		AnalyzeDomain (512ms)
			TypeCache.Refresh (509ms)
				TypeCache.ScanAssembly (469ms)
			BuildScriptInfoCaches (0ms)
			ResolveRequiredComponents (1ms)
	FinalizeReload (1843ms)
		ReleaseScriptCaches (0ms)
		RebuildScriptCaches (0ms)
		SetupLoadedEditorAssemblies (1667ms)
			LogAssemblyErrors (0ms)
			InitializePlatformSupportModulesInManaged (1041ms)
			SetLoadedEditorAssemblies (8ms)
			BeforeProcessingInitializeOnLoad (13ms)
			ProcessInitializeOnLoadAttributes (437ms)
			ProcessInitializeOnLoadMethodAttributes (168ms)
			AfterProcessingInitializeOnLoad (0ms)
			EditorAssembliesLoaded (0ms)
		ExecutionOrderSort2 (0ms)
		AwakeInstancesAfterBackupRestoration (0ms)
========================================================================
Worker process is ready to serve import requests
Import Worker Mode flag is 0x00
Begin MonoManager ReloadAssembly
C:\build\output\Unity-Technologies\mono\mono\metadata\icall.c:1842:
C:\build\output\Unity-Technologies\mono\mono\metadata\icall.c:1842:
C:\build\output\Unity-Technologies\mono\mono\metadata\icall.c:1842:
C:\build\output\Unity-Technologies\mono\mono\metadata\icall.c:1842:
C:\build\output\Unity-Technologies\mono\mono\metadata\icall.c:1842:
C:\build\output\Unity-Technologies\mono\mono\metadata\icall.c:1842:
C:\build\output\Unity-Technologies\mono\mono\metadata\icall.c:1842:
C:\build\output\Unity-Technologies\mono\mono\metadata\icall.c:1842:
C:\build\output\Unity-Technologies\mono\mono\metadata\icall.c:1842:
C:\build\output\Unity-Technologies\mono\mono\metadata\icall.c:1842:
C:\build\output\Unity-Technologies\mono\mono\metadata\icall.c:1842:
C:\build\output\Unity-Technologies\mono\mono\metadata\icall.c:1842:
Symbol file LoadedFromMemory doesn't match image D:\Son Umut\Library\PackageCache\com.unity.visualscripting@1.8.0\Editor\VisualScripting.Core\Dependencies\YamlDotNet\Unity.VisualScripting.YamlDotNet.dll
Symbol file LoadedFromMemory doesn't match image D:\Son Umut\Library\PackageCache\com.unity.visualscripting@1.8.0\Editor\VisualScripting.Core\Dependencies\DotNetZip\Unity.VisualScripting.IonicZip.dll
- Loaded All Assemblies, in  3.228 seconds
Refreshing native plugins compatible for Editor in 2.98 ms, found 3 plugins.
Native extension for LinuxStandalone target not found
Native extension for Android target not found
Native extension for WindowsStandalone target not found
Mono: successfully reloaded assembly
- Finished resetting the current domain, in  2.393 seconds
Domain Reload Profiling: 5617ms
	BeginReloadAssembly (1071ms)
		ExecutionOrderSort (0ms)
		DisableScriptedObjects (22ms)
		BackupInstance (0ms)
		ReleaseScriptingObjects (0ms)
		CreateAndSetChildDomain (72ms)
	RebuildCommonClasses (110ms)
	RebuildNativeTypeToScriptingClass (41ms)
	initialDomainReloadingComplete (104ms)
	LoadAllAssembliesAndSetupDomain (1899ms)
		LoadAssemblies (1228ms)
		RebuildTransferFunctionScriptingTraits (0ms)
		AnalyzeDomain (1071ms)
			TypeCache.Refresh (887ms)
				TypeCache.ScanAssembly (823ms)
			BuildScriptInfoCaches (125ms)
			ResolveRequiredComponents (49ms)
	FinalizeReload (2393ms)
		ReleaseScriptCaches (0ms)
		RebuildScriptCaches (0ms)
		SetupLoadedEditorAssemblies (1651ms)
			LogAssemblyErrors (0ms)
			InitializePlatformSupportModulesInManaged (45ms)
			SetLoadedEditorAssemblies (8ms)
			BeforeProcessingInitializeOnLoad (174ms)
			ProcessInitializeOnLoadAttributes (1326ms)
			ProcessInitializeOnLoadMethodAttributes (93ms)
			AfterProcessingInitializeOnLoad (5ms)
			EditorAssembliesLoaded (1ms)
		ExecutionOrderSort2 (0ms)
		AwakeInstancesAfterBackupRestoration (24ms)
Launched and connected shader compiler UnityShaderCompiler.exe after 0.02 seconds
Refreshing native plugins compatible for Editor in 2.70 ms, found 3 plugins.
Preloading 0 native plugins for Editor in 0.00 ms.
Unloading 179 Unused Serialized files (Serialized files now loaded: 0)
Unloading 5946 unused Assets / (5.2 MB). Loaded Objects now: 6648.
Memory consumption went from 196.1 MB to 190.8 MB.
Total: 17.563100 ms (FindLiveObjects: 1.316400 ms CreateObjectMapping: 1.956900 ms MarkObjects: 9.348200 ms  DeleteObjects: 4.940300 ms)

========================================================================
Received Import Request.
  Time since last request: 25319.984801 seconds.
  path: Assets/Free Assets/Enemy/Old Man Idle.fbx
  artifactKey: Guid(7df96333ec99e244e8651651b9447ff2) Importer(2089858483,192608db42251d675da83286b1cce702)
Start importing Assets/Free Assets/Enemy/Old Man Idle.fbx using Guid(7df96333ec99e244e8651651b9447ff2) Importer(2089858483,192608db42251d675da83286b1cce702) (ScriptedImporter) -> (artifact id: 'a11967c956c636e78be1a8c49b0bd6a7') in 0.5114011 seconds
Number of updated asset objects reloaded before import = 0Number of asset objects unloaded after import = 110

========================================================================
Received Import Request.
  Time since last request: 0.000039 seconds.
  path: Assets/Free Assets/mars_asset/Resources/Textures/ML3D_Rocks_00_MetallicSmoothness.png
  artifactKey: Guid(fa2aec83b723248819f242026f0d5870) Importer(2089858483,192608db42251d675da83286b1cce702)
Start importing Assets/Free Assets/mars_asset/Resources/Textures/ML3D_Rocks_00_MetallicSmoothness.png using Guid(fa2aec83b723248819f242026f0d5870) Importer(2089858483,192608db42251d675da83286b1cce702) (ScriptedImporter) -> (artifact id: 'd12e9e1d0e051ec8983e271f546c04a0') in 0.1855822 seconds
Number of updated asset objects reloaded before import = 0Number of asset objects unloaded after import = 1

========================================================================
Received Import Request.
  Time since last request: 1.292413 seconds.
  path: Assets/Free Assets/mars_asset/Resources/Textures/Ground_01_D.png
  artifactKey: Guid(233f547ce1f6647ccaff479cd0d061cc) Importer(2089858483,192608db42251d675da83286b1cce702)
Start importing Assets/Free Assets/mars_asset/Resources/Textures/Ground_01_D.png using Guid(233f547ce1f6647ccaff479cd0d061cc) Importer(2089858483,192608db42251d675da83286b1cce702) (ScriptedImporter) -> (artifact id: '0f4ef3625d747f3f1ad2204eb4c4e2c1') in 0.0421163 seconds
Number of updated asset objects reloaded before import = 0Number of asset objects unloaded after import = 1

========================================================================
Received Import Request.
  Time since last request: 0.442064 seconds.
  path: Assets/Free Assets/shuttle_asset/textures/Shuttle_Inside_Nor.jpg
  artifactKey: Guid(b97ee760da737424ea755718258d9ee7) Importer(2089858483,192608db42251d675da83286b1cce702)
Start importing Assets/Free Assets/shuttle_asset/textures/Shuttle_Inside_Nor.jpg using Guid(b97ee760da737424ea755718258d9ee7) Importer(2089858483,192608db42251d675da83286b1cce702) (ScriptedImporter) -> (artifact id: 'b0a665e1370e7dd0f9142fb9d552bedb') in 0.1937004 seconds
Number of updated asset objects reloaded before import = 0Number of asset objects unloaded after import = 1

========================================================================
Received Import Request.
  Time since last request: 0.000368 seconds.
  path: Assets/Free Assets/shuttle_asset/textures/Shuttle_Rest_Col.jpg
  artifactKey: Guid(2091ea370de0ce04989a37edd849349e) Importer(2089858483,192608db42251d675da83286b1cce702)
Start importing Assets/Free Assets/shuttle_asset/textures/Shuttle_Rest_Col.jpg using Guid(2091ea370de0ce04989a37edd849349e) Importer(2089858483,192608db42251d675da83286b1cce702) (ScriptedImporter) -> (artifact id: '2c6a4f67b515be5904d62ed8480eb4f4') in 0.0774573 seconds
Number of updated asset objects reloaded before import = 0Number of asset objects unloaded after import = 1

========================================================================
Received Import Request.
  Time since last request: 0.129993 seconds.
  path: Assets/Free Assets/shuttle_asset/textures/Buster_Col_1.jpg
  artifactKey: Guid(ff4aa7dd77d03dc41b914e284caf6738) Importer(2089858483,192608db42251d675da83286b1cce702)
Start importing Assets/Free Assets/shuttle_asset/textures/Buster_Col_1.jpg using Guid(ff4aa7dd77d03dc41b914e284caf6738) Importer(2089858483,192608db42251d675da83286b1cce702) (ScriptedImporter) -> (artifact id: 'd0fe79319f9f7e75b7839bbb8b5af609') in 0.1486783 seconds
Number of updated asset objects reloaded before import = 0Number of asset objects unloaded after import = 1

========================================================================
Received Import Request.
  Time since last request: 62.314843 seconds.
  path: Assets/Free Assets/Enemy/Ch50_1001_Glossiness.png
  artifactKey: Guid(4cfee4f4fa7bd6d42bd6ff9c8b073769) Importer(2089858483,192608db42251d675da83286b1cce702)
Start importing Assets/Free Assets/Enemy/Ch50_1001_Glossiness.png using Guid(4cfee4f4fa7bd6d42bd6ff9c8b073769) Importer(2089858483,192608db42251d675da83286b1cce702) (ScriptedImporter) -> (artifact id: 'f2b1da7affa0a25b23b80718c9897bbe') in 0.0402703 seconds
Number of updated asset objects reloaded before import = 0Number of asset objects unloaded after import = 1

========================================================================
Received Import Request.
  Time since last request: 0.000156 seconds.
  path: Assets/Free Assets/Enemy/Ch50_1001_Diffuse.png
  artifactKey: Guid(94ed3765bb716e94db3be6ae0845f99f) Importer(2089858483,192608db42251d675da83286b1cce702)
Start importing Assets/Free Assets/Enemy/Ch50_1001_Diffuse.png using Guid(94ed3765bb716e94db3be6ae0845f99f) Importer(2089858483,192608db42251d675da83286b1cce702) (ScriptedImporter) -> (artifact id: '7c687adfac92ed731db9ee007074e8ad') in 0.0379671 seconds
Number of updated asset objects reloaded before import = 0Number of asset objects unloaded after import = 1

========================================================================
Received Import Request.
  Time since last request: 0.000169 seconds.
  path: Assets/Free Assets/Enemy/Ch50_1002_Emissive.png
  artifactKey: Guid(a0c1c1edf65424e42987a00df21f1910) Importer(2089858483,192608db42251d675da83286b1cce702)
Start importing Assets/Free Assets/Enemy/Ch50_1002_Emissive.png using Guid(a0c1c1edf65424e42987a00df21f1910) Importer(2089858483,192608db42251d675da83286b1cce702) (ScriptedImporter) -> (artifact id: 'b320c2885ac8c1470d9faa6cb234f975') in 0.0457538 seconds
Number of updated asset objects reloaded before import = 0Number of asset objects unloaded after import = 1

========================================================================
Received Import Request.
  Time since last request: 0.000117 seconds.
  path: Assets/Free Assets/Enemy/Ch50_1002_Specular.png
  artifactKey: Guid(b118655c30e493141b797dcb51365187) Importer(2089858483,192608db42251d675da83286b1cce702)
Start importing Assets/Free Assets/Enemy/Ch50_1002_Specular.png using Guid(b118655c30e493141b797dcb51365187) Importer(2089858483,192608db42251d675da83286b1cce702) (ScriptedImporter) -> (artifact id: '3892fe3921a981080d69b308a0c85178') in 0.0466052 seconds
Number of updated asset objects reloaded before import = 0Number of asset objects unloaded after import = 1

========================================================================
Received Import Request.
  Time since last request: 43.622169 seconds.
  path: Assets/Free Assets/Enemy/Ch50_1001_Normal.png
  artifactKey: Guid(6976d68ef5ca6444e86702775f7b4c2a) Importer(815301076,1909f56bfc062723c751e8b465ee728b)
Start importing Assets/Free Assets/Enemy/Ch50_1001_Normal.png using Guid(6976d68ef5ca6444e86702775f7b4c2a) Importer(815301076,1909f56bfc062723c751e8b465ee728b) (PreviewImporter) -> (artifact id: 'f6d975b66c6d28ad266d54ad0585cb5e') in 0.1287912 seconds
Number of updated asset objects reloaded before import = 0Number of asset objects unloaded after import = 2

Editor requested this worker to shutdown with reason: Scaling down because of idle timeout
AssetImportWorker is now disconnected from the server
Process exiting
Exiting without the bug reporter. Application will terminate with return code 0